[0m20:22:21.859844 [debug] [MainThread]: Sending event: {'category': 'dbt', 'action': 'invocation', 'label': 'start', 'context': [<snowplow_tracker.self_describing_json.SelfDescribingJson object at 0x0000026A6AB90550>, <snowplow_tracker.self_describing_json.SelfDescribingJson object at 0x0000026A6AB92390>, <snowplow_tracker.self_describing_json.SelfDescribingJson object at 0x0000026A6AB90450>]}


============================== 20:22:21.863858 | 7854b9b8-0035-4e27-8e1e-9e8693646451 ==============================
[0m20:22:21.863858 [info ] [MainThread]: Running with dbt=1.9.1
[0m20:22:21.864842 [debug] [MainThread]: running dbt with arguments {'printer_width': '80', 'indirect_selection': 'eager', 'log_cache_events': 'False', 'write_json': 'True', 'partial_parse': 'True', 'cache_selected_only': 'False', 'warn_error': 'None', 'fail_fast': 'False', 'debug': 'False', 'log_path': 'logs', 'profiles_dir': 'C:\\Users\\sasha\\.dbt', 'version_check': 'True', 'use_colors': 'True', 'use_experimental_parser': 'False', 'no_print': 'None', 'quiet': 'False', 'empty': 'None', 'warn_error_options': 'WarnErrorOptions(include=[], exclude=[])', 'invocation_command': 'dbt init', 'static_parser': 'True', 'introspect': 'True', 'target_path': 'None', 'log_format': 'default', 'send_anonymous_usage_stats': 'True'}
[0m20:22:32.820578 [debug] [MainThread]: Starter project path: C:\Users\sasha\projects\Airflow\ELT-DBT-SF\dbt-env\Lib\site-packages\dbt\include\starter_project
[0m20:22:32.919130 [info ] [MainThread]: 
Your new dbt project "data_pipeline" was created!

For more information on how to configure the profiles.yml file,
please consult the dbt documentation here:

  https://docs.getdbt.com/docs/configure-your-profile

One more thing:

Need help? Don't hesitate to reach out to us via GitHub issues or on Slack:

  https://community.getdbt.com/

Happy modeling!

[0m20:22:32.921116 [info ] [MainThread]: Setting up your profile.
[0m20:25:50.157986 [info ] [MainThread]: Profile data_pipeline written to C:\Users\sasha\.dbt\profiles.yml using target's profile_template.yml and your supplied values. Run 'dbt debug' to validate the connection.
[0m20:25:50.163996 [debug] [MainThread]: Command `dbt init` succeeded at 20:25:50.161000 after 208.37 seconds
[0m20:25:50.164993 [debug] [MainThread]: Sending event: {'category': 'dbt', 'action': 'invocation', 'label': 'end', 'context': [<snowplow_tracker.self_describing_json.SelfDescribingJson object at 0x0000026A645BEFD0>, <snowplow_tracker.self_describing_json.SelfDescribingJson object at 0x0000026A6460C0D0>, <snowplow_tracker.self_describing_json.SelfDescribingJson object at 0x0000026A64892210>]}
[0m20:25:50.165994 [debug] [MainThread]: Flushing usage events
[0m20:25:50.361309 [debug] [MainThread]: An error was encountered while trying to flush usage events
[0m20:26:06.590953 [debug] [MainThread]: Sending event: {'category': 'dbt', 'action': 'invocation', 'label': 'start', 'context': [<snowplow_tracker.self_describing_json.SelfDescribingJson object at 0x00000290C550EC10>, <snowplow_tracker.self_describing_json.SelfDescribingJson object at 0x00000290C554CA90>, <snowplow_tracker.self_describing_json.SelfDescribingJson object at 0x00000290C556A850>]}


============================== 20:26:06.595987 | c907d8a0-a3cc-4ef6-ac2c-d8188baa51f1 ==============================
[0m20:26:06.595987 [info ] [MainThread]: Running with dbt=1.9.1
[0m20:26:06.596971 [debug] [MainThread]: running dbt with arguments {'printer_width': '80', 'indirect_selection': 'eager', 'write_json': 'True', 'log_cache_events': 'False', 'partial_parse': 'True', 'cache_selected_only': 'False', 'warn_error': 'None', 'fail_fast': 'False', 'profiles_dir': 'C:\\Users\\sasha\\.dbt', 'log_path': 'logs', 'version_check': 'True', 'debug': 'False', 'use_colors': 'True', 'use_experimental_parser': 'False', 'no_print': 'None', 'quiet': 'False', 'empty': 'None', 'warn_error_options': 'WarnErrorOptions(include=[], exclude=[])', 'invocation_command': 'dbt debug', 'log_format': 'default', 'static_parser': 'True', 'target_path': 'None', 'introspect': 'True', 'send_anonymous_usage_stats': 'True'}
[0m20:26:06.609972 [info ] [MainThread]: dbt version: 1.9.1
[0m20:26:06.609972 [info ] [MainThread]: python version: 3.11.5
[0m20:26:06.611314 [info ] [MainThread]: python path: C:\Users\sasha\projects\Airflow\ELT-DBT-SF\dbt-env\Scripts\python.exe
[0m20:26:06.612330 [info ] [MainThread]: os info: Windows-10-10.0.22631-SP0
[0m20:26:06.836582 [info ] [MainThread]: Using profiles dir at C:\Users\sasha\.dbt
[0m20:26:06.836905 [info ] [MainThread]: Using profiles.yml file at C:\Users\sasha\.dbt\profiles.yml
[0m20:26:06.837912 [info ] [MainThread]: Using dbt_project.yml file at C:\Users\sasha\projects\Airflow\ELT-DBT-SF\dbt_project.yml
[0m20:26:06.838912 [info ] [MainThread]: adapter type: snowflake
[0m20:26:06.838912 [info ] [MainThread]: adapter version: 1.9.0
[0m20:26:06.839911 [info ] [MainThread]: Configuration:
[0m20:26:06.840911 [info ] [MainThread]:   profiles.yml file [[32mOK found and valid[0m]
[0m20:26:06.840911 [info ] [MainThread]:   dbt_project.yml file [[31mERROR not found[0m]
[0m20:26:06.841911 [info ] [MainThread]: Required dependencies:
[0m20:26:06.842912 [debug] [MainThread]: Executing "git --help"
[0m20:26:06.885085 [debug] [MainThread]: STDOUT: "b"usage: git [-v | --version] [-h | --help] [-C <path>] [-c <name>=<value>]\n           [--exec-path[=<path>]] [--html-path] [--man-path] [--info-path]\n           [-p | --paginate | -P | --no-pager] [--no-replace-objects] [--bare]\n           [--git-dir=<path>] [--work-tree=<path>] [--namespace=<name>]\n           [--config-env=<name>=<envvar>] <command> [<args>]\n\nThese are common Git commands used in various situations:\n\nstart a working area (see also: git help tutorial)\n   clone     Clone a repository into a new directory\n   init      Create an empty Git repository or reinitialize an existing one\n\nwork on the current change (see also: git help everyday)\n   add       Add file contents to the index\n   mv        Move or rename a file, a directory, or a symlink\n   restore   Restore working tree files\n   rm        Remove files from the working tree and from the index\n\nexamine the history and state (see also: git help revisions)\n   bisect    Use binary search to find the commit that introduced a bug\n   diff      Show changes between commits, commit and working tree, etc\n   grep      Print lines matching a pattern\n   log       Show commit logs\n   show      Show various types of objects\n   status    Show the working tree status\n\ngrow, mark and tweak your common history\n   branch    List, create, or delete branches\n   commit    Record changes to the repository\n   merge     Join two or more development histories together\n   rebase    Reapply commits on top of another base tip\n   reset     Reset current HEAD to the specified state\n   switch    Switch branches\n   tag       Create, list, delete or verify a tag object signed with GPG\n\ncollaborate (see also: git help workflows)\n   fetch     Download objects and refs from another repository\n   pull      Fetch from and integrate with another repository or a local branch\n   push      Update remote refs along with associated objects\n\n'git help -a' and 'git help -g' list available subcommands and some\nconcept guides. See 'git help <command>' or 'git help <concept>'\nto read about a specific subcommand or concept.\nSee 'git help git' for an overview of the system.\n""
[0m20:26:06.885085 [debug] [MainThread]: STDERR: "b''"
[0m20:26:06.886101 [info ] [MainThread]:  - git [[32mOK found[0m]

[0m20:26:06.886101 [info ] [MainThread]: Connection:
[0m20:26:06.887085 [info ] [MainThread]:   account: eh46088.us-east-2.aws
[0m20:26:06.888085 [info ] [MainThread]:   user: Sashank24
[0m20:26:06.888085 [info ] [MainThread]:   database: dbt_db
[0m20:26:06.888085 [info ] [MainThread]:   warehouse: dbt_wh
[0m20:26:06.889085 [info ] [MainThread]:   role: dbt_role
[0m20:26:06.889085 [info ] [MainThread]:   schema: dbt_schema
[0m20:26:06.890086 [info ] [MainThread]:   authenticator: None
[0m20:26:06.890086 [info ] [MainThread]:   oauth_client_id: None
[0m20:26:06.891085 [info ] [MainThread]:   query_tag: None
[0m20:26:06.891085 [info ] [MainThread]:   client_session_keep_alive: False
[0m20:26:06.892085 [info ] [MainThread]:   host: None
[0m20:26:06.892085 [info ] [MainThread]:   port: None
[0m20:26:06.893085 [info ] [MainThread]:   proxy_host: None
[0m20:26:06.893085 [info ] [MainThread]:   proxy_port: None
[0m20:26:06.894089 [info ] [MainThread]:   protocol: None
[0m20:26:06.894089 [info ] [MainThread]:   connect_retries: 1
[0m20:26:06.895088 [info ] [MainThread]:   connect_timeout: None
[0m20:26:06.895088 [info ] [MainThread]:   retry_on_database_errors: False
[0m20:26:06.895088 [info ] [MainThread]:   retry_all: False
[0m20:26:06.896089 [info ] [MainThread]:   insecure_mode: False
[0m20:26:06.896089 [info ] [MainThread]:   reuse_connections: True
[0m20:26:06.897089 [info ] [MainThread]: Registered adapter: snowflake=1.9.0
[0m20:26:07.132191 [debug] [MainThread]: Acquiring new snowflake connection 'debug'
[0m20:26:07.198207 [debug] [MainThread]: Using snowflake connection "debug"
[0m20:26:07.199211 [debug] [MainThread]: On debug: select 1 as id
[0m20:26:07.199211 [debug] [MainThread]: Opening a new connection, currently in state init
[0m20:26:08.505397 [debug] [MainThread]: SQL status: SUCCESS 1 in 1.305 seconds
[0m20:26:08.507394 [info ] [MainThread]:   Connection test: [[32mOK connection ok[0m]

[0m20:26:08.510922 [info ] [MainThread]: [31m1 check failed:[0m
[0m20:26:08.511922 [info ] [MainThread]: Project loading failed for the following reason:
 project path <C:\Users\sasha\projects\Airflow\ELT-DBT-SF\dbt_project.yml> not found

[0m20:26:08.515348 [debug] [MainThread]: Command `dbt debug` failed at 20:26:08.515348 after 2.02 seconds
[0m20:26:08.516349 [debug] [MainThread]: Connection 'debug' was left open.
[0m20:26:08.517348 [debug] [MainThread]: On debug: Close
[0m20:26:08.581426 [debug] [MainThread]: Sending event: {'category': 'dbt', 'action': 'invocation', 'label': 'end', 'context': [<snowplow_tracker.self_describing_json.SelfDescribingJson object at 0x00000290BEF8EFD0>, <snowplow_tracker.self_describing_json.SelfDescribingJson object at 0x00000290C1BA0E50>, <snowplow_tracker.self_describing_json.SelfDescribingJson object at 0x00000290C550E850>]}
[0m20:26:08.583426 [debug] [MainThread]: Flushing usage events
[0m20:26:08.685767 [debug] [MainThread]: An error was encountered while trying to flush usage events
